  Buffer.cpp
  Camera.cpp
  Cube.cpp
  Grid.cpp
  imgui.cpp
  imgui_demo.cpp
  imgui_draw.cpp
  imgui_impl_opengl3.cpp
  imgui_impl_sdl.cpp
  imgui_tables.cpp
  imgui_widgets.cpp
  Input.cpp
  Light.cpp
  Main.cpp
  Material.cpp
  Model.cpp
  Object.cpp
  Quad.cpp
  Screen.cpp
  Shader.cpp
  Generating Code...
  Compiling...
  Texture.cpp
  Transform.cpp
  Utility.cpp
  Generating Code...
  gl.c
C:\Users\Prinxtech\Videos\pipeject\Libraries\SDL\bin\SDL2_image.dll : fatal error LNK1107: invalid or corrupt file: cannot read at 0x308
