c:\users\prinxtech\videos\pipeject\graphics_engine\release\vc143.pdb
c:\users\prinxtech\videos\pipeject\graphics_engine\release\shader.obj
c:\users\prinxtech\videos\pipeject\graphics_engine\release\screen.obj
c:\users\prinxtech\videos\pipeject\graphics_engine\release\quad.obj
c:\users\prinxtech\videos\pipeject\graphics_engine\release\object.obj
c:\users\prinxtech\videos\pipeject\graphics_engine\release\model.obj
c:\users\prinxtech\videos\pipeject\graphics_engine\release\material.obj
c:\users\prinxtech\videos\pipeject\graphics_engine\release\main.obj
c:\users\prinxtech\videos\pipeject\graphics_engine\release\light.obj
c:\users\prinxtech\videos\pipeject\graphics_engine\release\input.obj
c:\users\prinxtech\videos\pipeject\graphics_engine\release\imgui_widgets.obj
c:\users\prinxtech\videos\pipeject\graphics_engine\release\imgui_tables.obj
c:\users\prinxtech\videos\pipeject\graphics_engine\release\imgui_impl_sdl.obj
c:\users\prinxtech\videos\pipeject\graphics_engine\release\imgui_impl_opengl3.obj
c:\users\prinxtech\videos\pipeject\graphics_engine\release\imgui_draw.obj
c:\users\prinxtech\videos\pipeject\graphics_engine\release\imgui_demo.obj
c:\users\prinxtech\videos\pipeject\graphics_engine\release\imgui.obj
c:\users\prinxtech\videos\pipeject\graphics_engine\release\grid.obj
c:\users\prinxtech\videos\pipeject\graphics_engine\release\cube.obj
c:\users\prinxtech\videos\pipeject\graphics_engine\release\camera.obj
c:\users\prinxtech\videos\pipeject\graphics_engine\release\buffer.obj
c:\users\prinxtech\videos\pipeject\graphics_engine\release\utility.obj
c:\users\prinxtech\videos\pipeject\graphics_engine\release\transform.obj
c:\users\prinxtech\videos\pipeject\graphics_engine\release\texture.obj
c:\users\prinxtech\videos\pipeject\graphics_engine\release\gl.obj
c:\users\prinxtech\videos\pipeject\release\graphics_engine.exe
c:\users\prinxtech\videos\pipeject\graphics_engine\release\graphics_engine.iobj
c:\users\prinxtech\videos\pipeject\release\graphics_engine.pdb
c:\users\prinxtech\videos\pipeject\graphics_engine\release\graphics_engine.ipdb
c:\users\prinxtech\videos\pipeject\graphics_engine\release\graphics_engine.tlog\cl.command.1.tlog
c:\users\prinxtech\videos\pipeject\graphics_engine\release\graphics_engine.tlog\cl.read.1.tlog
c:\users\prinxtech\videos\pipeject\graphics_engine\release\graphics_engine.tlog\cl.write.1.tlog
c:\users\prinxtech\videos\pipeject\graphics_engine\release\graphics_engine.tlog\link.command.1.tlog
c:\users\prinxtech\videos\pipeject\graphics_engine\release\graphics_engine.tlog\link.read.1.tlog
c:\users\prinxtech\videos\pipeject\graphics_engine\release\graphics_engine.tlog\link.write.1.tlog
